Arguments: 
  C:\Program Files (x86)\nodejs\node.exe C:\Program Files (x86)\Yarn\bin\yarn.js add ,

PATH: 
  C:\Program Files\Git\mingw64\bin;C:\Program Files\Git\usr\bin;C:\Users\Chris Tutor\bin;C:\Python38\Scripts;C:\Python38;C:\Program Files (x86)\Common Files\Intel\Shared Libraries\redist\intel64\compiler;C:\ProgramData\Oracle\Java\javapath;C:\Program Files (x86)\Intel\iCLS Client;C:\Program Files\Intel\iCLS Client;C:\WINDOWS\system32;C:\WINDOWS;C:\WINDOWS\System32\Wbem;C:\WINDOWS\System32\WindowsPowerShell\v1.0;C:\Program Files (x86)\Intel\OpenCL SDK\2.0\bin\x86;C:\Program Files (x86)\Intel\OpenCL SDK\2.0\bin\x64;C:\Program Files\Intel\Intel(R) Management Engine Components\DAL;C:\Program Files\Intel\Intel(R) Management Engine Components\IPT;C:\Program Files (x86)\Intel\Intel(R) Management Engine Components\DAL;C:\Program Files (x86)\Intel\Intel(R) Management Engine Components\IPT;C:\Program Files\Intel\WiFi\bin;C:\Program Files\Common Files\Intel\WirelessCommon;C:\Program Files (x86)\GtkSharp\2.12\bin;C:\Program Files (x86)\Skype\Phone;C:\Program Files\Microsoft SQL Server\130\Tools\Binn;C:\Program Files (x86)\Windows Live\Shared;C:\Program Files\dotnet;C:\Program Files\Microsoft SQL Server\120\Tools\Binn;C:\Program Files\Git\cmd;C:\WINDOWS\System32\OpenSSH;C:\Program Files\Microsoft VS Code\bin;C:\Program Files (x86)\nodejs;C:\Program Files (x86)\Yarn\bin;C:\ProgramData\chocolatey\bin;C:\Users\Chris Tutor\AppData\Local\Microsoft\WindowsApps;C:\Program Files\Microsoft VS Code\bin;C:\Users\Chris Tutor\AppData\Local\Microsoft\WindowsApps;C:\Users\Chris Tutor\AppData\Roaming\npm;C:\Users\Chris Tutor\AppData\Local\Yarn\bin

Yarn version: 
  1.15.2

Node version: 
  10.15.3

Platform: 
  win32 x64

Trace: 
  Error: https://registry.yarnpkg.com/,: Not found
      at Request.params.callback [as _callback] (C:\Program Files (x86)\Yarn\lib\cli.js:65167:18)
      at Request.self.callback (C:\Program Files (x86)\Yarn\lib\cli.js:129541:22)
      at Request.emit (events.js:189:13)
      at Request.<anonymous> (C:\Program Files (x86)\Yarn\lib\cli.js:130513:10)
      at Request.emit (events.js:189:13)
      at IncomingMessage.<anonymous> (C:\Program Files (x86)\Yarn\lib\cli.js:130435:12)
      at Object.onceWrapper (events.js:277:13)
      at IncomingMessage.emit (events.js:194:15)
      at endReadableNT (_stream_readable.js:1125:12)
      at process._tickCallback (internal/process/next_tick.js:63:19)

npm manifest: 
  No manifest

yarn manifest: 
  No manifest

Lockfile: 
  No lockfile
